<?xml version="1.0" encoding="UTF-8" ?>
<testsuites>
  <testsuite errors="0" failures="1" hostname="Prakash-PC" id="0" name="BankTestSuite" package="com.server.test" skipped="0" tests="15" time="0.109" timestamp="2017-12-12T08:18:29">
      <properties>
[...]
</properties>

      <testcase classname="com.server.test.TestSavingAccount" name="VerifySavingAccountBalance" time="0.002" />

      <testcase classname="com.server.test.TestSavingAccount" name="TestSavingAccountWithdraw" time="0.001" />

      <testcase classname="com.server.test.TestSavingAccount" name="testSavingAccountDollarTransfer" time="0.001" />

      <testcase classname="com.server.test.TestSavingAccount" name="testSavingAccountInitBalance" time="0.001" />

      <testcase classname="com.server.test.TestSavingAccount" name="verifyavingAccountDeposit" time="0.0" />

      <testcase classname="com.server.test.TestSavingAccount" name="testSavingAccountObject" time="0.001" />

      <testcase classname="com.server.test.TestSavingAccount" name="VerifySavingAccountMultipleDeposits" time="0.0" />

      <testcase classname="com.server.test.TestSavingAccount" name="testSavingAccountInitBalanceDeposit" time="0.0" />

      <testcase classname="com.server.test.TestSavingAccount" name="TestSavingAccountDepositAndWithdraw" time="0.001" />

      <testcase classname="com.server.test.TestSavingAccount" name="TestSavingAccountWithdrawMoreAmount" time="0.001" />

      <testcase classname="com.server.test.TestSavingAccount2" name="TestSavingAccountWithdraw" time="0.0" />

      <testcase classname="com.server.test.TestSavingAccount2" name="testAccountNegativeDeposit" time="0.0" />

      <testcase classname="com.server.test.TestSavingAccount2" name="TestSavingAccountDepositAndWithdraw" time="0.0" />

      <testcase classname="com.server.test.TestSavingAccount2" name="TestSavingAccountWithdrawMoreAmount" time="0.0" />

      <testcase classname="com.server.test.TestSavingAccount2" name="VerifySavingAccountNegativeBalanceDeposit" time="0.004">
          <failure message="expected:&lt;0&gt; but was:&lt;1900&gt;" type="junit.framework.AssertionFailedError">junit.framework.AssertionFailedError: expected:&lt;0&gt; but was:&lt;1900&gt;
	at com.server.test.TestSavingAccount2.VerifySavingAccountNegativeBalanceDeposit(Unknown Source)
</failure>

      </testcase>

      <system-out><![CDATA[TestSavingAccount.constructor is here..
TestSavingAccount.setUp()
TestSavingAccount.tearDown()
TestSavingAccount.constructor is here..
TestSavingAccount.setUp()
TestSavingAccount.tearDown()
TestSavingAccount.constructor is here..
TestSavingAccount.setUp()
TestSavingAccount.tearDown()
TestSavingAccount.constructor is here..
TestSavingAccount.setUp()
TestSavingAccount.tearDown()
TestSavingAccount.constructor is here..
TestSavingAccount.setUp()
TestSavingAccount.tearDown()
TestSavingAccount.constructor is here..
TestSavingAccount.setUp()
TestSavingAccount.tearDown()
TestSavingAccount.constructor is here..
TestSavingAccount.setUp()
TestSavingAccount.tearDown()
TestSavingAccount.constructor is here..
TestSavingAccount.setUp()
TestSavingAccount.tearDown()
TestSavingAccount.constructor is here..
TestSavingAccount.setUp()
TestSavingAccount.tearDown()
TestSavingAccount.constructor is here..
TestSavingAccount.setUp()
TestSavingAccount.tearDown()
]]></system-out>

      <system-err><![CDATA[]]></system-err>

  </testsuite>
</testsuites>
